/usr/sbin/mysqld, Version: 8.0.31 (MySQL Community Server - GPL). started with:
Tcp port: 3306  Unix socket: /var/run/mysqld/mysqld.sock
Time                 Id Command    Argument
2023-01-21T05:47:39.004766Z	    0 Execute	CREATE TABLE performance_schema.innodb_redo_log_files(
`FILE_ID` BIGINT NOT NULL COMMENT 'Id of the file.',
`FILE_NAME` VARCHAR(2000) NOT NULL COMMENT 'Path to the file.',
`START_LSN` BIGINT NOT NULL COMMENT 'LSN of the first block in the file.',
`END_LSN` BIGINT NOT NULL COMMENT 'LSN after the last block in the file.',
`SIZE_IN_BYTES` BIGINT NOT NULL COMMENT 'Size of the file (in bytes).',
`IS_FULL` TINYINT NOT NULL COMMENT '1 iff file has no free space inside.',
`CONSUMER_LEVEL` INT NOT NULL COMMENT 'All redo log consumers registered on smaller levels than this value, have already consumed this file.'
)engine = 'performance_schema'
2023-01-21T05:49:03.381913Z	    9 Connect	db_user@172.20.0.3 on apertura using TCP/IP
2023-01-21T05:49:03.383983Z	    8 Connect	db_user@172.20.0.3 on apertura using TCP/IP
2023-01-21T05:49:03.385987Z	   10 Connect	db_user@172.20.0.3 on apertura using TCP/IP
2023-01-21T05:49:03.401951Z	    9 Query	select `users`.*, `company`.*, `user_role`.* from `users` inner join `company` on `company`.`companyid` = `users`.`company_id` inner join `user_role` on `user_role`.`id` = `users`.`user_role_id`
2023-01-21T05:49:03.404888Z	    8 Query	select *, `authorsid` as `__dmxPrimary` from `authors`
2023-01-21T05:49:03.406933Z	   10 Query	select *, `authorsid` as `__dmxPrimary` from `authors`
2023-01-21T05:49:03.546986Z	    9 Query	select * from `blog_posts`
2023-01-21T05:49:33.424266Z	    8 Quit	
